0 info it worked if it ends with ok
1 verbose cli [ 'node',
1 verbose cli   '/usr/local/bin/npm',
1 verbose cli   'install',
1 verbose cli   'normalize.css',
1 verbose cli   '--save' ]
2 info using npm@1.4.28
3 info using node@v0.10.32
4 warn package.json code-in-the-dark-quito@1.0.0 No description
5 warn package.json code-in-the-dark-quito@1.0.0 No repository field.
6 warn package.json code-in-the-dark-quito@1.0.0 No README data
7 verbose readDependencies using package.json deps
8 verbose cache add [ 'normalize.css', null ]
9 verbose cache add name=undefined spec="normalize.css" args=["normalize.css",null]
10 verbose parsed url { protocol: null,
10 verbose parsed url   slashes: null,
10 verbose parsed url   auth: null,
10 verbose parsed url   host: null,
10 verbose parsed url   port: null,
10 verbose parsed url   hostname: null,
10 verbose parsed url   hash: null,
10 verbose parsed url   search: null,
10 verbose parsed url   query: null,
10 verbose parsed url   pathname: 'normalize.css',
10 verbose parsed url   path: 'normalize.css',
10 verbose parsed url   href: 'normalize.css' }
11 silly lockFile baf8eabf-normalize-css normalize.css
12 verbose lock normalize.css /Users/rdparedes/.npm/baf8eabf-normalize-css.lock
13 silly lockFile baf8eabf-normalize-css normalize.css
14 silly lockFile baf8eabf-normalize-css normalize.css
15 verbose addNamed [ 'normalize.css', '' ]
16 verbose addNamed [ null, '*' ]
17 silly lockFile 70dd7003-normalize-css normalize.css@
18 verbose lock normalize.css@ /Users/rdparedes/.npm/70dd7003-normalize-css.lock
19 silly addNameRange { name: 'normalize.css', range: '*', hasData: false }
20 verbose request where is /normalize.css
21 verbose request registry https://registry.npmjs.org/
22 verbose request id 27672d03ce8ca2fa
23 verbose url raw /normalize.css
24 verbose url resolving [ 'https://registry.npmjs.org/', './normalize.css' ]
25 verbose url resolved https://registry.npmjs.org/normalize.css
26 verbose request where is https://registry.npmjs.org/normalize.css
27 info trying registry request attempt 1 at 21:59:30
28 http GET https://registry.npmjs.org/normalize.css
29 http 200 https://registry.npmjs.org/normalize.css
30 silly registry.get cb [ 200,
30 silly registry.get   { server: 'CouchDB/1.5.0 (Erlang OTP/R16B03)',
30 silly registry.get     etag: '"DVHPZTC8QMMERMTLN7PN6ESXY"',
30 silly registry.get     'content-type': 'application/json',
30 silly registry.get     'cache-control': 'max-age=300',
30 silly registry.get     'content-length': '7880',
30 silly registry.get     'accept-ranges': 'bytes',
30 silly registry.get     date: 'Mon, 15 Feb 2016 02:59:31 GMT',
30 silly registry.get     via: '1.1 varnish',
30 silly registry.get     age: '0',
30 silly registry.get     connection: 'keep-alive',
30 silly registry.get     'x-served-by': 'cache-iad2128-IAD',
30 silly registry.get     'x-cache': 'HIT',
30 silly registry.get     'x-cache-hits': '1',
30 silly registry.get     'x-timer': 'S1455505171.727296,VS0,VE14',
30 silly registry.get     vary: 'Accept' } ]
31 silly addNameRange number 2 { name: 'normalize.css', range: '*', hasData: true }
32 silly addNameRange versions [ 'normalize.css', [ '0.0.1', '3.0.1', '3.0.2', '3.0.3' ] ]
33 verbose addNamed [ 'normalize.css', '3.0.3' ]
34 verbose addNamed [ '3.0.3', '3.0.3' ]
35 silly lockFile 95d20208-normalize-css-3-0-3 normalize.css@3.0.3
36 verbose lock normalize.css@3.0.3 /Users/rdparedes/.npm/95d20208-normalize-css-3-0-3.lock
37 silly lockFile 2bc52f0a-lize-css-normalize-css-3-0-3-tgz https://registry.npmjs.org/normalize.css/-/normalize.css-3.0.3.tgz
38 verbose lock https://registry.npmjs.org/normalize.css/-/normalize.css-3.0.3.tgz /Users/rdparedes/.npm/2bc52f0a-lize-css-normalize-css-3-0-3-tgz.lock
39 verbose addRemoteTarball [ 'https://registry.npmjs.org/normalize.css/-/normalize.css-3.0.3.tgz',
39 verbose addRemoteTarball   'acc00262e235a2caa91363a2e5e3bfa4f8ad05c6' ]
40 info retry fetch attempt 1 at 21:59:31
41 verbose fetch to= /var/folders/qn/lv923p3d0r5cg2_j31676nvh0000gn/T/npm-46611-fjtpgZso/registry.npmjs.org/normalize.css/-/normalize.css-3.0.3.tgz
42 http GET https://registry.npmjs.org/normalize.css/-/normalize.css-3.0.3.tgz
43 http 200 https://registry.npmjs.org/normalize.css/-/normalize.css-3.0.3.tgz
44 silly lockFile 2bc52f0a-lize-css-normalize-css-3-0-3-tgz https://registry.npmjs.org/normalize.css/-/normalize.css-3.0.3.tgz
45 silly lockFile 2bc52f0a-lize-css-normalize-css-3-0-3-tgz https://registry.npmjs.org/normalize.css/-/normalize.css-3.0.3.tgz
46 silly lockFile 95d20208-normalize-css-3-0-3 normalize.css@3.0.3
47 silly lockFile 95d20208-normalize-css-3-0-3 normalize.css@3.0.3
48 silly lockFile 70dd7003-normalize-css normalize.css@
49 silly lockFile 70dd7003-normalize-css normalize.css@
50 silly resolved [ { name: 'normalize.css',
50 silly resolved     version: '3.0.3',
50 silly resolved     description: 'Normalize.css as a node packaged module',
50 silly resolved     style: 'normalize.css',
50 silly resolved     files: [ 'LICENSE.md', 'normalize.css' ],
50 silly resolved     homepage: 'http://necolas.github.io/normalize.css',
50 silly resolved     repository:
50 silly resolved      { type: 'git',
50 silly resolved        url: 'git://github.com/necolas/normalize.css.git' },
50 silly resolved     main: 'normalize.css',
50 silly resolved     author: { name: 'Nicolas Gallagher' },
50 silly resolved     license: 'MIT',
50 silly resolved     gitHead: '2bdda84272650aedfb45d8abe11a6d177933a803',
50 silly resolved     bugs: { url: 'https://github.com/necolas/normalize.css/issues' },
50 silly resolved     _id: 'normalize.css@3.0.3',
50 silly resolved     scripts: {},
50 silly resolved     _shasum: 'acc00262e235a2caa91363a2e5e3bfa4f8ad05c6',
50 silly resolved     _from: 'normalize.css@',
50 silly resolved     _npmVersion: '2.7.0',
50 silly resolved     _nodeVersion: '0.10.35',
50 silly resolved     _npmUser: { name: 'necolas', email: 'nicolasgallagher@gmail.com' },
50 silly resolved     maintainers: [ [Object], [Object] ],
50 silly resolved     dist:
50 silly resolved      { shasum: 'acc00262e235a2caa91363a2e5e3bfa4f8ad05c6',
50 silly resolved        tarball: 'http://registry.npmjs.org/normalize.css/-/normalize.css-3.0.3.tgz' },
50 silly resolved     directories: {},
50 silly resolved     _resolved: 'https://registry.npmjs.org/normalize.css/-/normalize.css-3.0.3.tgz' } ]
51 info install normalize.css@3.0.3 into /Users/rdparedes/Dropbox/Mis Proyectos/Code in the dark/landing-page
52 info installOne normalize.css@3.0.3
53 verbose node_modules/normalize.css unbuild
54 verbose tar unpack /Users/rdparedes/.npm/normalize.css/3.0.3/package.tgz
55 silly lockFile a0f8fa20--page-node-modules-normalize-css tar:///Users/rdparedes/Dropbox/Mis Proyectos/Code in the dark/landing-page/node_modules/normalize.css
56 verbose lock tar:///Users/rdparedes/Dropbox/Mis Proyectos/Code in the dark/landing-page/node_modules/normalize.css /Users/rdparedes/.npm/a0f8fa20--page-node-modules-normalize-css.lock
57 silly lockFile 1f586082--normalize-css-3-0-3-package-tgz tar:///Users/rdparedes/.npm/normalize.css/3.0.3/package.tgz
58 verbose lock tar:///Users/rdparedes/.npm/normalize.css/3.0.3/package.tgz /Users/rdparedes/.npm/1f586082--normalize-css-3-0-3-package-tgz.lock
59 silly gunzTarPerm modes [ '755', '644' ]
60 silly gunzTarPerm extractEntry package.json
61 silly gunzTarPerm extractEntry README.md
62 silly gunzTarPerm extractEntry CHANGELOG.md
63 silly gunzTarPerm extractEntry LICENSE.md
64 silly gunzTarPerm extractEntry normalize.css
65 silly lockFile a0f8fa20--page-node-modules-normalize-css tar:///Users/rdparedes/Dropbox/Mis Proyectos/Code in the dark/landing-page/node_modules/normalize.css
66 silly lockFile a0f8fa20--page-node-modules-normalize-css tar:///Users/rdparedes/Dropbox/Mis Proyectos/Code in the dark/landing-page/node_modules/normalize.css
67 silly lockFile 1f586082--normalize-css-3-0-3-package-tgz tar:///Users/rdparedes/.npm/normalize.css/3.0.3/package.tgz
68 silly lockFile 1f586082--normalize-css-3-0-3-package-tgz tar:///Users/rdparedes/.npm/normalize.css/3.0.3/package.tgz
69 info preinstall normalize.css@3.0.3
70 verbose readDependencies using package.json deps
71 verbose readDependencies using package.json deps
72 silly resolved []
73 verbose about to build /Users/rdparedes/Dropbox/Mis Proyectos/Code in the dark/landing-page/node_modules/normalize.css
74 info build /Users/rdparedes/Dropbox/Mis Proyectos/Code in the dark/landing-page/node_modules/normalize.css
75 verbose linkStuff [ false,
75 verbose linkStuff   false,
75 verbose linkStuff   false,
75 verbose linkStuff   '/Users/rdparedes/Dropbox/Mis Proyectos/Code in the dark/landing-page/node_modules' ]
76 info linkStuff normalize.css@3.0.3
77 verbose linkBins normalize.css@3.0.3
78 verbose linkMans normalize.css@3.0.3
79 verbose rebuildBundles normalize.css@3.0.3
80 info install normalize.css@3.0.3
81 info postinstall normalize.css@3.0.3
82 verbose saving { 'normalize.css': '^3.0.3' }
83 error Error: EACCES, open '/Users/rdparedes/Dropbox/Mis Proyectos/Code in the dark/landing-page/package.json'
83 error  { [Error: EACCES, open '/Users/rdparedes/Dropbox/Mis Proyectos/Code in the dark/landing-page/package.json']
83 error   errno: 3,
83 error   code: 'EACCES',
83 error   path: '/Users/rdparedes/Dropbox/Mis Proyectos/Code in the dark/landing-page/package.json' }
84 error Please try running this command again as root/Administrator.
85 error System Darwin 15.2.0
86 error command "node" "/usr/local/bin/npm" "install" "normalize.css" "--save"
87 error cwd /Users/rdparedes/Dropbox/Mis Proyectos/Code in the dark/landing-page
88 error node -v v0.10.32
89 error npm -v 1.4.28
90 error path /Users/rdparedes/Dropbox/Mis Proyectos/Code in the dark/landing-page/package.json
91 error code EACCES
92 error errno 3
93 error stack Error: EACCES, open '/Users/rdparedes/Dropbox/Mis Proyectos/Code in the dark/landing-page/package.json'
94 verbose exit [ 3, true ]
